<?xml version="1.0" encoding="UTF-8"?>
<coverage generated="1645376175044" clover="3.2.0">
  <project timestamp="1645376175044" name="All files">
    <metrics statements="37" coveredstatements="30" conditionals="2" coveredconditionals="2" methods="6" coveredmethods="3" elements="45" coveredelements="35" complexity="0" loc="37" ncloc="37" packages="2" files="2" classes="2"/>
    <package name="database.models">
      <metrics statements="4" coveredstatements="4" conditionals="0" coveredconditionals="0" methods="0" coveredmethods="0"/>
      <file name="Robot.js" path="/Users/Machinazo/Desktop/bootcamp/proyectos/BACKEND/semana_1_backend/challenge_we_back/src/database/models/Robot.js">
        <metrics statements="4" coveredstatements="4" conditionals="0" coveredconditionals="0" methods="0" coveredmethods="0"/>
        <line num="1" count="1" type="stmt"/>
        <line num="3" count="1" type="stmt"/>
        <line num="32" count="1" type="stmt"/>
        <line num="34" count="1" type="stmt"/>
      </file>
    </package>
    <package name="server.controllers">
      <metrics statements="33" coveredstatements="26" conditionals="2" coveredconditionals="2" methods="6" coveredmethods="3"/>
      <file name="robotsControler.js" path="/Users/Machinazo/Desktop/bootcamp/proyectos/BACKEND/semana_1_backend/challenge_we_back/src/server/controllers/robotsControler.js">
        <metrics statements="33" coveredstatements="26" conditionals="2" coveredconditionals="2" methods="6" coveredmethods="3"/>
        <line num="1" count="1" type="stmt"/>
        <line num="3" count="1" type="stmt"/>
        <line num="4" count="1" type="stmt"/>
        <line num="6" count="1" type="stmt"/>
        <line num="8" count="1" type="stmt"/>
        <line num="9" count="1" type="stmt"/>
        <line num="11" count="1" type="stmt"/>
        <line num="13" count="1" type="stmt"/>
        <line num="14" count="3" type="stmt"/>
        <line num="16" count="3" type="stmt"/>
        <line num="17" count="3" type="stmt"/>
        <line num="18" count="2" type="cond" truecount="2" falsecount="0"/>
        <line num="19" count="1" type="stmt"/>
        <line num="21" count="1" type="stmt"/>
        <line num="22" count="1" type="stmt"/>
        <line num="23" count="1" type="stmt"/>
        <line num="26" count="1" type="stmt"/>
        <line num="27" count="1" type="stmt"/>
        <line num="31" count="1" type="stmt"/>
        <line num="32" count="1" type="stmt"/>
        <line num="34" count="1" type="stmt"/>
        <line num="36" count="1" type="stmt"/>
        <line num="37" count="1" type="stmt"/>
        <line num="40" count="1" type="stmt"/>
        <line num="41" count="0" type="stmt"/>
        <line num="43" count="0" type="stmt"/>
        <line num="45" count="0" type="stmt"/>
        <line num="46" count="0" type="stmt"/>
        <line num="49" count="1" type="stmt"/>
        <line num="50" count="0" type="stmt"/>
        <line num="52" count="0" type="stmt"/>
        <line num="53" count="0" type="stmt"/>
        <line num="56" count="1" type="stmt"/>
      </file>
    </package>
  </project>
</coverage>
