{"/Users/Machinazo/Desktop/bootcamp/proyectos/BACKEND/semana_1_backend/challenge_we_back/src/database/models/Robot.js": {"path":"/Users/Machinazo/Desktop/bootcamp/proyectos/BACKEND/semana_1_backend/challenge_we_back/src/database/models/Robot.js","statementMap":{"0":{"start":{"line":1,"column":26},"end":{"line":1,"column":45}},"1":{"start":{"line":3,"column":20},"end":{"line":30,"column":2}},"2":{"start":{"line":32,"column":14},"end":{"line":32,"column":51}},"3":{"start":{"line":34,"column":0},"end":{"line":34,"column":23}}},"fnMap":{},"branchMap":{},"s":{"0":1,"1":1,"2":1,"3":1},"f":{},"b":{},"_coverageSchema":"1a1c01bbd47fc00a2c39e90264f33305004495a9","hash":"b3a789d67f6583339f32eeca50a450ccfbcfbf2f"}
,"/Users/Machinazo/Desktop/bootcamp/proyectos/BACKEND/semana_1_backend/challenge_we_back/src/server/controllers/robotsControler.js": {"path":"/Users/Machinazo/Desktop/bootcamp/proyectos/BACKEND/semana_1_backend/challenge_we_back/src/server/controllers/robotsControler.js","statementMap":{"0":{"start":{"line":1,"column":21},"end":{"line":1,"column":44}},"1":{"start":{"line":2,"column":14},"end":{"line":2,"column":52}},"2":{"start":{"line":4,"column":0},"end":{"line":4,"column":27}},"3":{"start":{"line":6,"column":21},"end":{"line":10,"column":1}},"4":{"start":{"line":7,"column":17},"end":{"line":7,"column":35}},"5":{"start":{"line":9,"column":2},"end":{"line":9,"column":19}},"6":{"start":{"line":11,"column":21},"end":{"line":27,"column":1}},"7":{"start":{"line":12,"column":17},"end":{"line":12,"column":27}},"8":{"start":{"line":14,"column":2},"end":{"line":26,"column":3}},"9":{"start":{"line":15,"column":18},"end":{"line":15,"column":42}},"10":{"start":{"line":16,"column":4},"end":{"line":22,"column":5}},"11":{"start":{"line":17,"column":6},"end":{"line":17,"column":22}},"12":{"start":{"line":19,"column":20},"end":{"line":19,"column":55}},"13":{"start":{"line":20,"column":6},"end":{"line":20,"column":23}},"14":{"start":{"line":21,"column":6},"end":{"line":21,"column":18}},"15":{"start":{"line":24,"column":4},"end":{"line":24,"column":21}},"16":{"start":{"line":25,"column":4},"end":{"line":25,"column":16}},"17":{"start":{"line":29,"column":18},"end":{"line":36,"column":1}},"18":{"start":{"line":30,"column":19},"end":{"line":30,"column":27}},"19":{"start":{"line":32,"column":23},"end":{"line":32,"column":51}},"20":{"start":{"line":34,"column":2},"end":{"line":34,"column":18}},"21":{"start":{"line":35,"column":2},"end":{"line":35,"column":25}},"22":{"start":{"line":38,"column":17},"end":{"line":44,"column":1}},"23":{"start":{"line":39,"column":15},"end":{"line":39,"column":36}},"24":{"start":{"line":41,"column":2},"end":{"line":43,"column":5}},"25":{"start":{"line":42,"column":4},"end":{"line":42,"column":24}},"26":{"start":{"line":45,"column":0},"end":{"line":45,"column":69}}},"fnMap":{"0":{"name":"(anonymous_0)","decl":{"start":{"line":6,"column":21},"end":{"line":6,"column":22}},"loc":{"start":{"line":6,"column":41},"end":{"line":10,"column":1}},"line":6},"1":{"name":"(anonymous_1)","decl":{"start":{"line":11,"column":21},"end":{"line":11,"column":22}},"loc":{"start":{"line":11,"column":47},"end":{"line":27,"column":1}},"line":11},"2":{"name":"(anonymous_2)","decl":{"start":{"line":29,"column":18},"end":{"line":29,"column":19}},"loc":{"start":{"line":29,"column":38},"end":{"line":36,"column":1}},"line":29},"3":{"name":"(anonymous_3)","decl":{"start":{"line":38,"column":17},"end":{"line":38,"column":18}},"loc":{"start":{"line":38,"column":31},"end":{"line":44,"column":1}},"line":38},"4":{"name":"(anonymous_4)","decl":{"start":{"line":41,"column":42},"end":{"line":41,"column":43}},"loc":{"start":{"line":41,"column":58},"end":{"line":43,"column":3}},"line":41}},"branchMap":{"0":{"loc":{"start":{"line":16,"column":4},"end":{"line":22,"column":5}},"type":"if","locations":[{"start":{"line":16,"column":4},"end":{"line":22,"column":5}},{"start":{"line":18,"column":11},"end":{"line":22,"column":5}}],"line":16}},"s":{"0":1,"1":1,"2":1,"3":1,"4":1,"5":1,"6":1,"7":3,"8":3,"9":3,"10":2,"11":1,"12":1,"13":1,"14":1,"15":1,"16":1,"17":1,"18":1,"19":1,"20":1,"21":1,"22":1,"23":0,"24":0,"25":0,"26":1},"f":{"0":1,"1":3,"2":1,"3":0,"4":0},"b":{"0":[1,1]},"_coverageSchema":"1a1c01bbd47fc00a2c39e90264f33305004495a9","hash":"206205aa317c4d541da899e8fbfde903f8d0cb8e"}
}
