{"/Users/Machinazo/Desktop/bootcamp/proyectos/BACKEND/semana_1_backend/challenge_we_back/src/database/models/Robot.js": {"path":"/Users/Machinazo/Desktop/bootcamp/proyectos/BACKEND/semana_1_backend/challenge_we_back/src/database/models/Robot.js","statementMap":{"0":{"start":{"line":1,"column":26},"end":{"line":1,"column":45}},"1":{"start":{"line":3,"column":20},"end":{"line":30,"column":2}},"2":{"start":{"line":32,"column":14},"end":{"line":32,"column":51}},"3":{"start":{"line":34,"column":0},"end":{"line":34,"column":23}}},"fnMap":{},"branchMap":{},"s":{"0":1,"1":1,"2":1,"3":1},"f":{},"b":{},"_coverageSchema":"1a1c01bbd47fc00a2c39e90264f33305004495a9","hash":"b3a789d67f6583339f32eeca50a450ccfbcfbf2f"}
,"/Users/Machinazo/Desktop/bootcamp/proyectos/BACKEND/semana_1_backend/challenge_we_back/src/server/controllers/robotsControler.js": {"path":"/Users/Machinazo/Desktop/bootcamp/proyectos/BACKEND/semana_1_backend/challenge_we_back/src/server/controllers/robotsControler.js","statementMap":{"0":{"start":{"line":1,"column":14},"end":{"line":1,"column":52}},"1":{"start":{"line":3,"column":0},"end":{"line":3,"column":27}},"2":{"start":{"line":5,"column":21},"end":{"line":9,"column":1}},"3":{"start":{"line":6,"column":17},"end":{"line":6,"column":35}},"4":{"start":{"line":8,"column":2},"end":{"line":8,"column":19}},"5":{"start":{"line":10,"column":21},"end":{"line":26,"column":1}},"6":{"start":{"line":11,"column":17},"end":{"line":11,"column":27}},"7":{"start":{"line":13,"column":2},"end":{"line":25,"column":3}},"8":{"start":{"line":14,"column":18},"end":{"line":14,"column":42}},"9":{"start":{"line":15,"column":4},"end":{"line":21,"column":5}},"10":{"start":{"line":16,"column":6},"end":{"line":16,"column":22}},"11":{"start":{"line":18,"column":20},"end":{"line":18,"column":55}},"12":{"start":{"line":19,"column":6},"end":{"line":19,"column":23}},"13":{"start":{"line":20,"column":6},"end":{"line":20,"column":18}},"14":{"start":{"line":23,"column":4},"end":{"line":23,"column":21}},"15":{"start":{"line":24,"column":4},"end":{"line":24,"column":16}},"16":{"start":{"line":27,"column":0},"end":{"line":27,"column":48}}},"fnMap":{"0":{"name":"(anonymous_0)","decl":{"start":{"line":5,"column":21},"end":{"line":5,"column":22}},"loc":{"start":{"line":5,"column":41},"end":{"line":9,"column":1}},"line":5},"1":{"name":"(anonymous_1)","decl":{"start":{"line":10,"column":21},"end":{"line":10,"column":22}},"loc":{"start":{"line":10,"column":47},"end":{"line":26,"column":1}},"line":10}},"branchMap":{"0":{"loc":{"start":{"line":15,"column":4},"end":{"line":21,"column":5}},"type":"if","locations":[{"start":{"line":15,"column":4},"end":{"line":21,"column":5}},{"start":{"line":17,"column":11},"end":{"line":21,"column":5}}],"line":15}},"s":{"0":1,"1":1,"2":1,"3":1,"4":1,"5":1,"6":3,"7":3,"8":3,"9":2,"10":1,"11":1,"12":1,"13":1,"14":1,"15":1,"16":1},"f":{"0":1,"1":3},"b":{"0":[1,1]},"_coverageSchema":"1a1c01bbd47fc00a2c39e90264f33305004495a9","hash":"31a09f991ccb7d865d00e69d9652ca165f40db82"}
}
