TN:
SF:src/database/models/Robot.js
FNF:0
FNH:0
DA:1,1
DA:3,1
DA:32,1
DA:34,1
LF:4
LH:4
BRF:0
BRH:0
end_of_record
TN:
SF:src/server/controllers/robotsControler.js
FN:6,(anonymous_0)
FN:11,(anonymous_1)
FN:29,(anonymous_2)
FN:30,(anonymous_3)
FNF:4
FNH:2
FNDA:1,(anonymous_0)
FNDA:3,(anonymous_1)
FNDA:0,(anonymous_2)
FNDA:0,(anonymous_3)
DA:1,1
DA:2,1
DA:4,1
DA:6,1
DA:7,1
DA:9,1
DA:11,1
DA:12,3
DA:14,3
DA:15,3
DA:16,2
DA:17,1
DA:19,1
DA:20,1
DA:21,1
DA:24,1
DA:25,1
DA:29,1
DA:30,0
DA:31,0
DA:34,1
LF:21
LH:19
BRDA:16,0,0,1
BRDA:16,0,1,1
BRF:2
BRH:2
end_of_record
