TN:
SF:src/database/index.js
FN:4,(anonymous_0)
FN:5,(anonymous_1)
FN:6,(anonymous_2)
FNF:3
FNH:3
FNDA:2,(anonymous_0)
FNDA:2,(anonymous_1)
FNDA:2,(anonymous_2)
DA:1,2
DA:2,2
DA:4,2
DA:5,2
DA:6,2
DA:7,2
DA:8,0
DA:9,0
DA:11,2
DA:12,2
DA:16,2
LF:11
LH:9
BRDA:7,0,0,0
BRDA:7,0,1,2
BRF:2
BRH:1
end_of_record
TN:
SF:src/database/models/Robot.js
FNF:0
FNH:0
DA:1,3
DA:3,3
DA:32,3
DA:34,3
LF:4
LH:4
BRF:0
BRH:0
end_of_record
TN:
SF:src/database/models/User.js
FNF:0
FNH:0
DA:1,3
DA:3,3
DA:14,3
DA:16,3
LF:4
LH:4
BRF:0
BRH:0
end_of_record
TN:
SF:src/server/index.js
FNF:0
FNH:0
DA:1,2
DA:2,2
DA:3,2
DA:4,2
DA:5,2
DA:7,2
DA:8,2
DA:10,2
DA:11,2
DA:12,2
DA:13,2
DA:22,2
DA:23,2
DA:25,2
DA:26,2
DA:28,2
LF:16
LH:16
BRF:0
BRH:0
end_of_record
TN:
SF:src/server/controllers/robotsControler.js
FN:5,(anonymous_0)
FN:10,(anonymous_1)
FN:28,(anonymous_2)
FN:37,(anonymous_3)
FNF:4
FNH:4
FNDA:2,(anonymous_0)
FNDA:4,(anonymous_1)
FNDA:2,(anonymous_2)
FNDA:1,(anonymous_3)
DA:1,3
DA:3,3
DA:5,3
DA:6,2
DA:8,2
DA:10,3
DA:11,4
DA:13,4
DA:14,4
DA:15,3
DA:16,2
DA:18,1
DA:19,1
DA:20,1
DA:23,1
DA:24,1
DA:28,3
DA:29,2
DA:31,2
DA:33,2
DA:34,2
DA:37,3
DA:38,1
DA:40,1
DA:42,1
DA:43,1
DA:46,3
LF:27
LH:27
BRDA:15,0,0,2
BRDA:15,0,1,1
BRF:2
BRH:2
end_of_record
TN:
SF:src/server/controllers/userControler.js
FN:5,(anonymous_0)
FNF:1
FNH:1
FNDA:7,(anonymous_0)
DA:1,3
DA:2,3
DA:3,3
DA:5,3
DA:6,7
DA:8,7
DA:10,7
DA:11,2
DA:12,2
DA:13,2
DA:15,5
DA:19,5
DA:20,5
DA:21,2
DA:22,2
DA:23,2
DA:25,3
DA:26,3
DA:31,3
LF:19
LH:19
BRDA:10,0,0,2
BRDA:10,0,1,5
BRDA:20,1,0,2
BRDA:20,1,1,3
BRF:4
BRH:4
end_of_record
TN:
SF:src/server/middlewares/errors.js
FN:1,(anonymous_0)
FN:6,(anonymous_1)
FNF:2
FNH:1
FNDA:0,(anonymous_0)
FNDA:2,(anonymous_1)
DA:1,2
DA:2,0
DA:6,2
DA:7,2
DA:8,2
DA:9,2
DA:12,2
LF:7
LH:6
BRDA:7,0,0,2
BRDA:7,0,1,0
BRDA:8,1,0,2
BRDA:8,1,1,0
BRF:4
BRH:2
end_of_record
TN:
SF:src/server/middlewares/verifyToken.js
FN:5,(anonymous_0)
FNF:1
FNH:1
FNDA:1,(anonymous_0)
DA:1,2
DA:3,2
DA:5,2
DA:6,1
DA:8,1
DA:10,1
DA:11,1
DA:15,1
DA:16,0
DA:17,0
DA:18,0
DA:19,0
DA:21,1
DA:23,0
DA:27,2
LF:15
LH:10
BRDA:10,0,0,1
BRDA:10,0,1,0
BRDA:15,1,0,0
BRDA:15,1,1,1
BRF:4
BRH:2
end_of_record
TN:
SF:src/server/routes/getTokenRouter.js
FNF:0
FNH:0
DA:1,2
DA:2,2
DA:3,2
DA:5,2
DA:7,2
DA:9,2
LF:6
LH:6
BRF:0
BRH:0
end_of_record
TN:
SF:src/server/routes/robotRouter.js
FNF:0
FNH:0
DA:1,2
DA:2,2
DA:3,2
DA:9,2
DA:11,2
DA:13,2
DA:14,2
DA:15,2
DA:16,2
DA:18,2
LF:10
LH:10
BRF:0
BRH:0
end_of_record
